c:\users\navon\source\repos\bgi-graphics-project\debug\vc141.pdb
c:\users\navon\source\repos\bgi-graphics-project\debug\vc141.idb
c:\users\navon\source\repos\bgi-graphics-project\debug\vector.obj
c:\users\navon\source\repos\bgi-graphics-project\debug\quadtree.obj
c:\users\navon\source\repos\bgi-graphics-project\debug\physics.obj
c:\users\navon\source\repos\bgi-graphics-project\debug\matrix.obj
c:\users\navon\source\repos\bgi-graphics-project\debug\leaderboard.obj
c:\users\navon\source\repos\bgi-graphics-project\debug\fx.obj
c:\users\navon\source\repos\bgi-graphics-project\debug\assets.obj
c:\users\navon\source\repos\bgi-graphics-project\debug\archer_non_verlet.obj
c:\users\navon\source\repos\bgi-graphics-project\debug\winthread.obj
c:\users\navon\source\repos\bgi-graphics-project\debug\winbgi.obj
c:\users\navon\source\repos\bgi-graphics-project\debug\text.obj
c:\users\navon\source\repos\bgi-graphics-project\debug\palette.obj
c:\users\navon\source\repos\bgi-graphics-project\debug\mouse.obj
c:\users\navon\source\repos\bgi-graphics-project\debug\misc.obj
c:\users\navon\source\repos\bgi-graphics-project\debug\main.obj
c:\users\navon\source\repos\bgi-graphics-project\debug\file.obj
c:\users\navon\source\repos\bgi-graphics-project\debug\drawing.obj
c:\users\navon\source\repos\bgi-graphics-project\debug\dibutil.obj
c:\users\navon\source\repos\bgi-graphics-project\debug\bgiout.obj
c:\users\navon\source\repos\bgi-graphics-project\debug\bgi.obj
c:\users\navon\source\repos\bgi-graphics-project\debug\game.pdb
c:\users\navon\source\repos\bgi-graphics-project\debug\game.tlog\cl.command.1.tlog
c:\users\navon\source\repos\bgi-graphics-project\debug\game.tlog\cl.read.1.tlog
c:\users\navon\source\repos\bgi-graphics-project\debug\game.tlog\cl.write.1.tlog
c:\users\navon\source\repos\bgi-graphics-project\debug\game.tlog\link-cvtres.read.1.tlog
c:\users\navon\source\repos\bgi-graphics-project\debug\game.tlog\link-cvtres.write.1.tlog
c:\users\navon\source\repos\bgi-graphics-project\debug\game.tlog\link-rc.read.1.tlog
c:\users\navon\source\repos\bgi-graphics-project\debug\game.tlog\link-rc.write.1.tlog
c:\users\navon\source\repos\bgi-graphics-project\debug\game.tlog\link.command.1.tlog
c:\users\navon\source\repos\bgi-graphics-project\debug\game.tlog\link.read.1.tlog
c:\users\navon\source\repos\bgi-graphics-project\debug\game.tlog\link.write.1.tlog
